Using pre-set license
Built from '2020.3/staging' branch; Version is '2020.3.18f1 (a7d1c678663c) revision 10998214'; Using compiler version '192528614'; Build Type 'Release'
OS: 'Windows 10 Home; OS build 19042.1165; Version 2009; 64bit' Language: 'nl' Physical Memory: 16228 MB
BatchMode: 1, IsHumanControllingUs: 0, StartBugReporterOnCrash: 0, Is64bit: 1, IsPro: 0

COMMAND LINE ARGUMENTS:
C:\Program Files\Unity\Hub\Editor\2020.3.18f1\Editor\Unity.exe
-adb2
-batchMode
-noUpm
-name
AssetImportWorker0
-projectPath
D:/MA/X.2/Y.1 Tower Defense/BO/Tower Defense/Tower-Defense/My project
-logFile
Logs/AssetImportWorker0.log
-srvPort
58820
Successfully changed project path to: D:/MA/X.2/Y.1 Tower Defense/BO/Tower Defense/Tower-Defense/My project
D:/MA/X.2/Y.1 Tower Defense/BO/Tower Defense/Tower-Defense/My project
Using Asset Import Pipeline V2.
Refreshing native plugins compatible for Editor in 29.21 ms, found 2 plugins.
Preloading 0 native plugins for Editor in 0.00 ms.
Initialize engine version: 2020.3.18f1 (a7d1c678663c)
[Subsystems] Discovering subsystems at path C:/Program Files/Unity/Hub/Editor/2020.3.18f1/Editor/Data/Resources/UnitySubsystems
[Subsystems] Discovering subsystems at path D:/MA/X.2/Y.1 Tower Defense/BO/Tower Defense/Tower-Defense/My project/Assets
GfxDevice: creating device client; threaded=0
Direct3D:
    Version:  Direct3D 11.0 [level 11.1]
    Renderer: NVIDIA GeForce GTX 1660 Ti (ID=0x2191)
    Vendor:   
    VRAM:     5991 MB
    Driver:   27.21.14.6663
Initialize mono
Mono path[0] = 'C:/Program Files/Unity/Hub/Editor/2020.3.18f1/Editor/Data/Managed'
Mono path[1] = 'C:/Program Files/Unity/Hub/Editor/2020.3.18f1/Editor/Data/MonoBleedingEdge/lib/mono/unityjit'
Mono config path = 'C:/Program Files/Unity/Hub/Editor/2020.3.18f1/Editor/Data/MonoBleedingEdge/etc'
Using monoOptions --debugger-agent=transport=dt_socket,embedding=1,server=y,suspend=n,address=127.0.0.1:56516
Begin MonoManager ReloadAssembly
Registering precompiled unity dll's ...
Register platform support module: C:/Program Files/Unity/Hub/Editor/2020.3.18f1/Editor/Data/PlaybackEngines/WindowsStandaloneSupport/UnityEditor.WindowsStandalone.Extensions.dll
Registered in 0.002249 seconds.
Native extension for WindowsStandalone target not found
Refreshing native plugins compatible for Editor in 26.96 ms, found 2 plugins.
Preloading 0 native plugins for Editor in 0.00 ms.
Mono: successfully reloaded assembly
- Completed reload, in  3.007 seconds
Domain Reload Profiling:
	ReloadAssembly (3007ms)
		BeginReloadAssembly (66ms)
			ExecutionOrderSort (0ms)
			DisableScriptedObjects (0ms)
			BackupInstance (0ms)
			ReleaseScriptingObjects (0ms)
			CreateAndSetChildDomain (1ms)
		EndReloadAssembly (392ms)
			LoadAssemblies (61ms)
			RebuildTransferFunctionScriptingTraits (0ms)
			SetupTypeCache (142ms)
			ReleaseScriptCaches (0ms)
			RebuildScriptCaches (29ms)
			SetupLoadedEditorAssemblies (146ms)
				LogAssemblyErrors (0ms)
				InitializePlatformSupportModulesInManaged (3ms)
				SetLoadedEditorAssemblies (0ms)
				RefreshPlugins (27ms)
				BeforeProcessingInitializeOnLoad (17ms)
				ProcessInitializeOnLoadAttributes (73ms)
				ProcessInitializeOnLoadMethodAttributes (25ms)
				AfterProcessingInitializeOnLoad (0ms)
				EditorAssembliesLoaded (0ms)
			ExecutionOrderSort2 (0ms)
			AwakeInstancesAfterBackupRestoration (0ms)
Platform modules already initialized, skipping
Registering precompiled user dll's ...
Registered in 0.001886 seconds.
Begin MonoManager ReloadAssembly
Native extension for WindowsStandalone target not found
Refreshing native plugins compatible for Editor in 0.27 ms, found 2 plugins.
Preloading 0 native plugins for Editor in 0.00 ms.
Mono: successfully reloaded assembly
- Completed reload, in  0.954 seconds
Domain Reload Profiling:
	ReloadAssembly (954ms)
		BeginReloadAssembly (142ms)
			ExecutionOrderSort (0ms)
			DisableScriptedObjects (5ms)
			BackupInstance (0ms)
			ReleaseScriptingObjects (0ms)
			CreateAndSetChildDomain (16ms)
		EndReloadAssembly (752ms)
			LoadAssemblies (84ms)
			RebuildTransferFunctionScriptingTraits (0ms)
			SetupTypeCache (257ms)
			ReleaseScriptCaches (0ms)
			RebuildScriptCaches (38ms)
			SetupLoadedEditorAssemblies (284ms)
				LogAssemblyErrors (0ms)
				InitializePlatformSupportModulesInManaged (4ms)
				SetLoadedEditorAssemblies (0ms)
				RefreshPlugins (0ms)
				BeforeProcessingInitializeOnLoad (71ms)
				ProcessInitializeOnLoadAttributes (194ms)
				ProcessInitializeOnLoadMethodAttributes (5ms)
				AfterProcessingInitializeOnLoad (9ms)
				EditorAssembliesLoaded (0ms)
			ExecutionOrderSort2 (0ms)
			AwakeInstancesAfterBackupRestoration (7ms)
Platform modules already initialized, skipping
========================================================================
Worker process is ready to serve import requests
Launched and connected shader compiler UnityShaderCompiler.exe after 0.09 seconds
Refreshing native plugins compatible for Editor in 0.27 ms, found 2 plugins.
Preloading 0 native plugins for Editor in 0.00 ms.
Unloading 1414 Unused Serialized files (Serialized files now loaded: 0)
System memory in use before: 69.1 MB.
System memory in use after: 69.1 MB.

Unloading 16 unused Assets to reduce memory usage. Loaded Objects now: 1850.
Total: 2.967400 ms (FindLiveObjects: 0.207000 ms CreateObjectMapping: 0.068900 ms MarkObjects: 2.607100 ms  DeleteObjects: 0.083300 ms)

AssetImportParameters requested are different than current active one (requested -> active):
  custom:framework-win-MediaFoundation: 216162199b28c13a410421893ffa2e32 -> 
  custom:video-decoder-ogg-theora: a1e56fd34408186e4bbccfd4996cb3dc -> 
  custom:container-muxer-webm: aa71ff27fc2769a1b78a27578f13a17b -> 
  custom:container-demuxer-webm: 4f35f7cbe854078d1ac9338744f61a02 -> 
  custom:container-demuxer-ogg: 62fdf1f143b41e24485cea50d1cbac27 -> 
  custom:video-encoder-webm-vp8: eb34c28f22e8b96e1ab97ce403110664 -> 
  custom:video-decoder-webm-vp8: 9c59270c3fd7afecdb556c50c9e8de78 -> 
  custom:audio-decoder-ogg-vorbis: bf7c407c2cedff20999df2af8eb42d56 -> 
  custom:audio-encoder-webm-vorbis: bf7c407c2cedff20999df2af8eb42d56 -> 
========================================================================
Received Import Request.
  path: Assets/Aerthas-Unity-Shaders/Arc System Works Shader/Custom Functions/FighterZ
  artifactKey: Guid(b225ad9bb1da4ab4da56b88b46c609ca) Importer(815301076,1909f56bfc062723c751e8b465ee728b)
Start importing Assets/Aerthas-Unity-Shaders/Arc System Works Shader/Custom Functions/FighterZ using Guid(b225ad9bb1da4ab4da56b88b46c609ca) Importer(815301076,1909f56bfc062723c751e8b465ee728b)  -> (artifact id: 'bfe6b062f8d1e8b255b4c52351805962') in 0.009755 seconds 
  Import took 0.013093 seconds .

========================================================================
Received Import Request.
  Time since last request: 0.000451 seconds.
  path: Assets/Aerthas-Unity-Shaders/Arc System Works Shader/Custom Functions/Light Color Calculation.asset
  artifactKey: Guid(5b8f5c3f2a647dc4d89d921c89ebb0e5) Importer(815301076,1909f56bfc062723c751e8b465ee728b)
Start importing Assets/Aerthas-Unity-Shaders/Arc System Works Shader/Custom Functions/Light Color Calculation.asset using Guid(5b8f5c3f2a647dc4d89d921c89ebb0e5) Importer(815301076,1909f56bfc062723c751e8b465ee728b)  -> (artifact id: 'a27ddcbe75036b66bf9685b6ff7845a3') in 0.049731 seconds 
  Import took 0.053503 seconds .

========================================================================
Received Import Request.
  Time since last request: 0.000353 seconds.
  path: Assets/Aerthas-Unity-Shaders
  artifactKey: Guid(66083b484b22fef45bf4561824d75627) Importer(815301076,1909f56bfc062723c751e8b465ee728b)
Start importing Assets/Aerthas-Unity-Shaders using Guid(66083b484b22fef45bf4561824d75627) Importer(815301076,1909f56bfc062723c751e8b465ee728b)  -> (artifact id: 'e96eaf52fab113f12a02d133a0dafe16') in 0.008197 seconds 
  Import took 0.010643 seconds .

========================================================================
Received Import Request.
  Time since last request: 0.000349 seconds.
  path: Assets/Aerthas-Unity-Shaders/Arc System Works Shader/Custom Functions/Dot Creation.asset
  artifactKey: Guid(fd90efbfe94791944bc1c5b55d8d67e4) Importer(815301076,1909f56bfc062723c751e8b465ee728b)
Start importing Assets/Aerthas-Unity-Shaders/Arc System Works Shader/Custom Functions/Dot Creation.asset using Guid(fd90efbfe94791944bc1c5b55d8d67e4) Importer(815301076,1909f56bfc062723c751e8b465ee728b)  -> (artifact id: '0b001b58e24a23aeb921aca9acf9a28c') in 0.011592 seconds 
  Import took 0.014453 seconds .

========================================================================
Received Import Request.
  Time since last request: 0.000345 seconds.
  path: Assets/Aerthas-Unity-Shaders/Arc System Works Shader/Custom Functions/FakeLightDir.asset
  artifactKey: Guid(cd44a314984e6d54bbbf431a1fcdff4b) Importer(815301076,1909f56bfc062723c751e8b465ee728b)
Start importing Assets/Aerthas-Unity-Shaders/Arc System Works Shader/Custom Functions/FakeLightDir.asset using Guid(cd44a314984e6d54bbbf431a1fcdff4b) Importer(815301076,1909f56bfc062723c751e8b465ee728b)  -> (artifact id: '6b27ef8372e0bd4cf282cfc291ba3e9e') in 0.006550 seconds 
  Import took 0.009221 seconds .

========================================================================
Received Import Request.
  Time since last request: 0.000274 seconds.
  path: Assets/Aerthas-Unity-Shaders/Arc System Works Shader/Presets/Sol Badguy.mat
  artifactKey: Guid(1a38ebdeb1c81e045931eb19abc5e18c) Importer(815301076,1909f56bfc062723c751e8b465ee728b)
Start importing Assets/Aerthas-Unity-Shaders/Arc System Works Shader/Presets/Sol Badguy.mat using Guid(1a38ebdeb1c81e045931eb19abc5e18c) Importer(815301076,1909f56bfc062723c751e8b465ee728b)  -> (artifact id: 'c8921b724d66d38332b9b1c27730f38a') in 0.219796 seconds 
  Import took 0.222230 seconds .

========================================================================
Received Import Request.
  Time since last request: 0.000371 seconds.
  path: Assets/Aerthas-Unity-Shaders/Arc System Works Shader/Custom Functions/ASWOutline.asset
  artifactKey: Guid(ea9f2d47913480c4f9e91454af7efa45) Importer(815301076,1909f56bfc062723c751e8b465ee728b)
Start importing Assets/Aerthas-Unity-Shaders/Arc System Works Shader/Custom Functions/ASWOutline.asset using Guid(ea9f2d47913480c4f9e91454af7efa45) Importer(815301076,1909f56bfc062723c751e8b465ee728b)  -> (artifact id: 'b1f8a6b0b353d668436348923df95962') in 0.005348 seconds 
  Import took 0.038486 seconds .

========================================================================
Received Import Request.
  Time since last request: 0.000445 seconds.
  path: Assets/Aerthas-Unity-Shaders/Arc System Works Shader/Custom Functions
  artifactKey: Guid(4620f4c0ae5d80d479062b5c315cc098) Importer(815301076,1909f56bfc062723c751e8b465ee728b)
Start importing Assets/Aerthas-Unity-Shaders/Arc System Works Shader/Custom Functions using Guid(4620f4c0ae5d80d479062b5c315cc098) Importer(815301076,1909f56bfc062723c751e8b465ee728b)  -> (artifact id: '36d7fbf85702a87cb58c9b971acb3d59') in 0.005324 seconds 
  Import took 0.007367 seconds .

========================================================================
Received Import Request.
  Time since last request: 0.000366 seconds.
  path: Assets/Aerthas-Unity-Shaders/Arc System Works Shader/Custom Functions/Final Dot Calculation.asset
  artifactKey: Guid(966aa02f52a17a443a5106621d0d8d24) Importer(815301076,1909f56bfc062723c751e8b465ee728b)
Start importing Assets/Aerthas-Unity-Shaders/Arc System Works Shader/Custom Functions/Final Dot Calculation.asset using Guid(966aa02f52a17a443a5106621d0d8d24) Importer(815301076,1909f56bfc062723c751e8b465ee728b)  -> (artifact id: '2dfa2610a6141d1639946b21805009f6') in 0.005579 seconds 
  Import took 0.007776 seconds .

========================================================================
Received Import Request.
  Time since last request: 0.000449 seconds.
  path: Assets/Aerthas-Unity-Shaders/Arc System Works Shader/Custom Functions/Replace Color Function.asset
  artifactKey: Guid(384749ef19927f8489843d3ea0af0e42) Importer(815301076,1909f56bfc062723c751e8b465ee728b)
Start importing Assets/Aerthas-Unity-Shaders/Arc System Works Shader/Custom Functions/Replace Color Function.asset using Guid(384749ef19927f8489843d3ea0af0e42) Importer(815301076,1909f56bfc062723c751e8b465ee728b)  -> (artifact id: '8d3025377b1dedb92d5d40233616ee5f') in 0.005634 seconds 
  Import took 0.007987 seconds .

========================================================================
Received Import Request.
  Time since last request: 0.000437 seconds.
  path: Assets/Aerthas-Unity-Shaders/Arc System Works Shader/Custom Functions/Apply Light Modifications.asset
  artifactKey: Guid(127e5aac38cd51149b16b32c73e59440) Importer(815301076,1909f56bfc062723c751e8b465ee728b)
Start importing Assets/Aerthas-Unity-Shaders/Arc System Works Shader/Custom Functions/Apply Light Modifications.asset using Guid(127e5aac38cd51149b16b32c73e59440) Importer(815301076,1909f56bfc062723c751e8b465ee728b)  -> (artifact id: 'c8b47714c1b9eb45b62e8f407f177373') in 0.005979 seconds 
  Import took 0.008385 seconds .

========================================================================
Received Import Request.
  Time since last request: 0.000399 seconds.
  path: Assets/Aerthas-Unity-Shaders/Arc System Works Shader/Custom Functions/FighterZ/Ramp Creation - FighterZ.asset
  artifactKey: Guid(1e90b445c7cf36f48acd4702d43c31c1) Importer(815301076,1909f56bfc062723c751e8b465ee728b)
Start importing Assets/Aerthas-Unity-Shaders/Arc System Works Shader/Custom Functions/FighterZ/Ramp Creation - FighterZ.asset using Guid(1e90b445c7cf36f48acd4702d43c31c1) Importer(815301076,1909f56bfc062723c751e8b465ee728b)  -> (artifact id: '033d4666378c9e46bf4a6c6351899d3e') in 0.094830 seconds 
  Import took 0.099397 seconds .

========================================================================
Received Import Request.
  Time since last request: 0.000791 seconds.
  path: Assets/Aerthas-Unity-Shaders/Arc System Works Shader
  artifactKey: Guid(0bc30ac6791be954cbbd3767333e08c1) Importer(815301076,1909f56bfc062723c751e8b465ee728b)
Start importing Assets/Aerthas-Unity-Shaders/Arc System Works Shader using Guid(0bc30ac6791be954cbbd3767333e08c1) Importer(815301076,1909f56bfc062723c751e8b465ee728b)  -> (artifact id: '2951e5e01a821b86b8cc875fdbf8a25d') in 0.009892 seconds 
  Import took 0.015297 seconds .

========================================================================
Received Import Request.
  Time since last request: 0.000570 seconds.
  path: Assets/Aerthas-Unity-Shaders/Arc System Works Shader/Custom Functions/Debug.asset
  artifactKey: Guid(6f93fc90e278e9a449a8e28c4cbb4ee4) Importer(815301076,1909f56bfc062723c751e8b465ee728b)
Start importing Assets/Aerthas-Unity-Shaders/Arc System Works Shader/Custom Functions/Debug.asset using Guid(6f93fc90e278e9a449a8e28c4cbb4ee4) Importer(815301076,1909f56bfc062723c751e8b465ee728b)  -> (artifact id: '88d4d625f8bc13de45fe2eccdfc53fc5') in 0.007278 seconds 
  Import took 0.010448 seconds .

========================================================================
Received Import Request.
  Time since last request: 0.000418 seconds.
  path: Assets/Aerthas-Unity-Shaders/Arc System Works Shader/Custom Functions/Color Replacer.asset
  artifactKey: Guid(3bf8a732171ac6840bcd0b4c21fcee62) Importer(815301076,1909f56bfc062723c751e8b465ee728b)
Start importing Assets/Aerthas-Unity-Shaders/Arc System Works Shader/Custom Functions/Color Replacer.asset using Guid(3bf8a732171ac6840bcd0b4c21fcee62) Importer(815301076,1909f56bfc062723c751e8b465ee728b)  -> (artifact id: '704c53b1cf6998e79af7bd899a7a0d76') in 0.006963 seconds 
  Import took 0.009067 seconds .

========================================================================
Received Import Request.
  Time since last request: 0.000348 seconds.
  path: Assets/Aerthas-Unity-Shaders/Arc System Works Shader/Editor
  artifactKey: Guid(429d95423ecd27c4caf93d4933f68891) Importer(815301076,1909f56bfc062723c751e8b465ee728b)
Start importing Assets/Aerthas-Unity-Shaders/Arc System Works Shader/Editor using Guid(429d95423ecd27c4caf93d4933f68891) Importer(815301076,1909f56bfc062723c751e8b465ee728b)  -> (artifact id: '82975d98c400b09675043c3a56165a99') in 0.005138 seconds 
  Import took 0.009186 seconds .

========================================================================
Received Import Request.
  Time since last request: 0.000434 seconds.
  path: Assets/Aerthas-Unity-Shaders/Arc System Works Shader/Custom Functions/View Direction Offset.asset
  artifactKey: Guid(7c087a43276f11d4cbac544fa5cae594) Importer(815301076,1909f56bfc062723c751e8b465ee728b)
Start importing Assets/Aerthas-Unity-Shaders/Arc System Works Shader/Custom Functions/View Direction Offset.asset using Guid(7c087a43276f11d4cbac544fa5cae594) Importer(815301076,1909f56bfc062723c751e8b465ee728b)  -> (artifact id: 'fa92a98b1e4a44c2ebf27e649a80e131') in 0.006536 seconds 
  Import took 0.009521 seconds .

========================================================================
Received Import Request.
  Time since last request: 0.000412 seconds.
  path: Assets/Aerthas-Unity-Shaders/Arc System Works Shader/Custom Functions/FighterZ/Color Creation - FighterZ.asset
  artifactKey: Guid(65c0143daf0e7e044831a9987d822acf) Importer(815301076,1909f56bfc062723c751e8b465ee728b)
Start importing Assets/Aerthas-Unity-Shaders/Arc System Works Shader/Custom Functions/FighterZ/Color Creation - FighterZ.asset using Guid(65c0143daf0e7e044831a9987d822acf) Importer(815301076,1909f56bfc062723c751e8b465ee728b)  -> (artifact id: 'a96dcb618f38d0b3c4ff618f992af7bc') in 0.006265 seconds 
  Import took 0.008729 seconds .

========================================================================
Received Import Request.
  Time since last request: 0.000356 seconds.
  path: Assets/Aerthas-Unity-Shaders/Arc System Works Shader/Custom Functions/Is There A Light.asset
  artifactKey: Guid(65e24b0fdfa2e3146a301178490755c7) Importer(815301076,1909f56bfc062723c751e8b465ee728b)
Start importing Assets/Aerthas-Unity-Shaders/Arc System Works Shader/Custom Functions/Is There A Light.asset using Guid(65e24b0fdfa2e3146a301178490755c7) Importer(815301076,1909f56bfc062723c751e8b465ee728b)  -> (artifact id: 'f0e91c3ba6f483d9d8f3ad17b83b4991') in 0.006009 seconds 
  Import took 0.008793 seconds .

========================================================================
Received Import Request.
  Time since last request: 0.000834 seconds.
  path: Assets/Aerthas-Unity-Shaders/Arc System Works Shader/Custom Functions/FighterZ/Emission - FighterZ.asset
  artifactKey: Guid(2e32fe20ddeddef43b8b5dae014cc006) Importer(815301076,1909f56bfc062723c751e8b465ee728b)
Start importing Assets/Aerthas-Unity-Shaders/Arc System Works Shader/Custom Functions/FighterZ/Emission - FighterZ.asset using Guid(2e32fe20ddeddef43b8b5dae014cc006) Importer(815301076,1909f56bfc062723c751e8b465ee728b)  -> (artifact id: '3d2026ee678fb7185bb645fd9285c5b9') in 0.008311 seconds 
  Import took 0.011578 seconds .

========================================================================
Received Import Request.
  Time since last request: 0.000396 seconds.
  path: Assets/Aerthas-Unity-Shaders/Arc System Works Shader/Presets
  artifactKey: Guid(85d2b087b9ae23343a99620c1357b82f) Importer(815301076,1909f56bfc062723c751e8b465ee728b)
Start importing Assets/Aerthas-Unity-Shaders/Arc System Works Shader/Presets using Guid(85d2b087b9ae23343a99620c1357b82f) Importer(815301076,1909f56bfc062723c751e8b465ee728b)  -> (artifact id: 'f8fecd6b13e0422862ad52d02d95ccfe') in 0.005160 seconds 
  Import took 0.007649 seconds .

