Using pre-set license
Built from '2020.3/staging' branch; Version is '2020.3.18f1 (a7d1c678663c) revision 10998214'; Using compiler version '192528614'; Build Type 'Release'
OS: 'Windows 10 Home; OS build 19042.1165; Version 2009; 64bit' Language: 'nl' Physical Memory: 16228 MB
BatchMode: 1, IsHumanControllingUs: 0, StartBugReporterOnCrash: 0, Is64bit: 1, IsPro: 0

COMMAND LINE ARGUMENTS:
C:\Program Files\Unity\Hub\Editor\2020.3.18f1\Editor\Unity.exe
-adb2
-batchMode
-noUpm
-name
AssetImportWorker0
-projectPath
D:/MA/X.2/Y.1 Tower Defense/BO/Tower Defense/Tower-Defense/My project
-logFile
Logs/AssetImportWorker0.log
-srvPort
62513
Successfully changed project path to: D:/MA/X.2/Y.1 Tower Defense/BO/Tower Defense/Tower-Defense/My project
D:/MA/X.2/Y.1 Tower Defense/BO/Tower Defense/Tower-Defense/My project
Using Asset Import Pipeline V2.
Refreshing native plugins compatible for Editor in 29.88 ms, found 2 plugins.
Preloading 0 native plugins for Editor in 0.00 ms.
Initialize engine version: 2020.3.18f1 (a7d1c678663c)
[Subsystems] Discovering subsystems at path C:/Program Files/Unity/Hub/Editor/2020.3.18f1/Editor/Data/Resources/UnitySubsystems
[Subsystems] Discovering subsystems at path D:/MA/X.2/Y.1 Tower Defense/BO/Tower Defense/Tower-Defense/My project/Assets
GfxDevice: creating device client; threaded=0
Direct3D:
    Version:  Direct3D 11.0 [level 11.1]
    Renderer: NVIDIA GeForce GTX 1660 Ti (ID=0x2191)
    Vendor:   
    VRAM:     5991 MB
    Driver:   30.0.14.7196
Initialize mono
Mono path[0] = 'C:/Program Files/Unity/Hub/Editor/2020.3.18f1/Editor/Data/Managed'
Mono path[1] = 'C:/Program Files/Unity/Hub/Editor/2020.3.18f1/Editor/Data/MonoBleedingEdge/lib/mono/unityjit'
Mono config path = 'C:/Program Files/Unity/Hub/Editor/2020.3.18f1/Editor/Data/MonoBleedingEdge/etc'
Using monoOptions --debugger-agent=transport=dt_socket,embedding=1,server=y,suspend=n,address=127.0.0.1:56288
Begin MonoManager ReloadAssembly
Registering precompiled unity dll's ...
Register platform support module: C:/Program Files/Unity/Hub/Editor/2020.3.18f1/Editor/Data/PlaybackEngines/WindowsStandaloneSupport/UnityEditor.WindowsStandalone.Extensions.dll
Registered in 0.002623 seconds.
Native extension for WindowsStandalone target not found
Refreshing native plugins compatible for Editor in 27.81 ms, found 2 plugins.
Preloading 0 native plugins for Editor in 0.00 ms.
Mono: successfully reloaded assembly
- Completed reload, in  1.126 seconds
Domain Reload Profiling:
	ReloadAssembly (1126ms)
		BeginReloadAssembly (57ms)
			ExecutionOrderSort (0ms)
			DisableScriptedObjects (0ms)
			BackupInstance (0ms)
			ReleaseScriptingObjects (0ms)
			CreateAndSetChildDomain (1ms)
		EndReloadAssembly (392ms)
			LoadAssemblies (54ms)
			RebuildTransferFunctionScriptingTraits (0ms)
			SetupTypeCache (149ms)
			ReleaseScriptCaches (0ms)
			RebuildScriptCaches (31ms)
			SetupLoadedEditorAssemblies (144ms)
				LogAssemblyErrors (0ms)
				InitializePlatformSupportModulesInManaged (4ms)
				SetLoadedEditorAssemblies (0ms)
				RefreshPlugins (28ms)
				BeforeProcessingInitializeOnLoad (15ms)
				ProcessInitializeOnLoadAttributes (72ms)
				ProcessInitializeOnLoadMethodAttributes (26ms)
				AfterProcessingInitializeOnLoad (0ms)
				EditorAssembliesLoaded (0ms)
			ExecutionOrderSort2 (0ms)
			AwakeInstancesAfterBackupRestoration (0ms)
Platform modules already initialized, skipping
Registering precompiled user dll's ...
Registered in 0.002102 seconds.
Begin MonoManager ReloadAssembly
Native extension for WindowsStandalone target not found
Refreshing native plugins compatible for Editor in 0.49 ms, found 2 plugins.
Preloading 0 native plugins for Editor in 0.00 ms.
Mono: successfully reloaded assembly
- Completed reload, in  0.967 seconds
Domain Reload Profiling:
	ReloadAssembly (967ms)
		BeginReloadAssembly (142ms)
			ExecutionOrderSort (0ms)
			DisableScriptedObjects (4ms)
			BackupInstance (0ms)
			ReleaseScriptingObjects (0ms)
			CreateAndSetChildDomain (17ms)
		EndReloadAssembly (767ms)
			LoadAssemblies (83ms)
			RebuildTransferFunctionScriptingTraits (0ms)
			SetupTypeCache (255ms)
			ReleaseScriptCaches (0ms)
			RebuildScriptCaches (44ms)
			SetupLoadedEditorAssemblies (298ms)
				LogAssemblyErrors (0ms)
				InitializePlatformSupportModulesInManaged (4ms)
				SetLoadedEditorAssemblies (0ms)
				RefreshPlugins (1ms)
				BeforeProcessingInitializeOnLoad (77ms)
				ProcessInitializeOnLoadAttributes (204ms)
				ProcessInitializeOnLoadMethodAttributes (4ms)
				AfterProcessingInitializeOnLoad (8ms)
				EditorAssembliesLoaded (0ms)
			ExecutionOrderSort2 (0ms)
			AwakeInstancesAfterBackupRestoration (6ms)
Platform modules already initialized, skipping
========================================================================
Worker process is ready to serve import requests
Launched and connected shader compiler UnityShaderCompiler.exe after 0.08 seconds
Refreshing native plugins compatible for Editor in 0.29 ms, found 2 plugins.
Preloading 0 native plugins for Editor in 0.00 ms.
Unloading 1562 Unused Serialized files (Serialized files now loaded: 0)
System memory in use before: 73.9 MB.
System memory in use after: 74.0 MB.

Unloading 17 unused Assets to reduce memory usage. Loaded Objects now: 1998.
Total: 3.034600 ms (FindLiveObjects: 0.139700 ms CreateObjectMapping: 0.038400 ms MarkObjects: 2.787700 ms  DeleteObjects: 0.067600 ms)

AssetImportParameters requested are different than current active one (requested -> active):
  custom:framework-win-MediaFoundation: 216162199b28c13a410421893ffa2e32 -> 
  custom:video-decoder-ogg-theora: a1e56fd34408186e4bbccfd4996cb3dc -> 
  custom:container-muxer-webm: aa71ff27fc2769a1b78a27578f13a17b -> 
  custom:container-demuxer-webm: 4f35f7cbe854078d1ac9338744f61a02 -> 
  custom:container-demuxer-ogg: 62fdf1f143b41e24485cea50d1cbac27 -> 
  custom:video-encoder-webm-vp8: eb34c28f22e8b96e1ab97ce403110664 -> 
  custom:video-decoder-webm-vp8: 9c59270c3fd7afecdb556c50c9e8de78 -> 
  custom:audio-decoder-ogg-vorbis: bf7c407c2cedff20999df2af8eb42d56 -> 
  custom:audio-encoder-webm-vorbis: bf7c407c2cedff20999df2af8eb42d56 -> 
========================================================================
Received Import Request.
  path: Assets/Goku Model Animated/ee.fbx
  artifactKey: Guid(4e61c067d24710542b7e0b66894b7c67) Importer(815301076,1909f56bfc062723c751e8b465ee728b)
Start importing Assets/Goku Model Animated/ee.fbx using Guid(4e61c067d24710542b7e0b66894b7c67) Importer(815301076,1909f56bfc062723c751e8b465ee728b)  -> (artifact id: 'd0f118b6d1cd47489fb44e5bd49935af') in 0.287283 seconds 
  Import took 0.292409 seconds .

========================================================================
Received Import Request.
  Time since last request: 10.016244 seconds.
  path: Assets/Goku Model Animated/Body.mat
  artifactKey: Guid(63ed18f92bef8434c88fbde5779da7ca) Importer(815301076,1909f56bfc062723c751e8b465ee728b)
Start importing Assets/Goku Model Animated/Body.mat using Guid(63ed18f92bef8434c88fbde5779da7ca) Importer(815301076,1909f56bfc062723c751e8b465ee728b)  -> (artifact id: '900cecc44916a2432d901008561cf9fe') in 0.032731 seconds 
  Import took 0.046741 seconds .

========================================================================
Received Import Request.
  Time since last request: 0.000365 seconds.
  path: Assets/Goku Model Animated/ee.fbx
  artifactKey: Guid(4e61c067d24710542b7e0b66894b7c67) Importer(815301076,1909f56bfc062723c751e8b465ee728b)
Start importing Assets/Goku Model Animated/ee.fbx using Guid(4e61c067d24710542b7e0b66894b7c67) Importer(815301076,1909f56bfc062723c751e8b465ee728b)  -> (artifact id: 'a0efe3be8e0c367f69181569b549fe7b') in 0.072767 seconds 
  Import took 0.092477 seconds .

========================================================================
Received Import Request.
  Time since last request: 0.000282 seconds.
  path: Assets/Goku Model Animated/Outline.mat
  artifactKey: Guid(50fc139d54c7f174f93efe7de9285e3f) Importer(815301076,1909f56bfc062723c751e8b465ee728b)
Start importing Assets/Goku Model Animated/Outline.mat using Guid(50fc139d54c7f174f93efe7de9285e3f) Importer(815301076,1909f56bfc062723c751e8b465ee728b)  -> (artifact id: '830f838ad612f576b034389f2fbd2a65') in 0.015165 seconds 
  Import took 0.027898 seconds .

========================================================================
Received Import Request.
  Time since last request: 0.000394 seconds.
  path: Assets/Goku Model Animated/dummy_material_3.mat
  artifactKey: Guid(0ebb0c6afd9d2454b97b06777f25e883) Importer(815301076,1909f56bfc062723c751e8b465ee728b)
Start importing Assets/Goku Model Animated/dummy_material_3.mat using Guid(0ebb0c6afd9d2454b97b06777f25e883) Importer(815301076,1909f56bfc062723c751e8b465ee728b)  -> (artifact id: 'beecf8bc34ceb03f5bd4bacff6568ccc') in 0.016214 seconds 
  Import took 0.019889 seconds .

========================================================================
Received Prepare
Registering precompiled user dll's ...
Registered in 0.002125 seconds.
Begin MonoManager ReloadAssembly
Native extension for WindowsStandalone target not found
Refreshing native plugins compatible for Editor in 0.28 ms, found 2 plugins.
Preloading 0 native plugins for Editor in 0.00 ms.
Mono: successfully reloaded assembly
- Completed reload, in  0.958 seconds
Domain Reload Profiling:
	ReloadAssembly (958ms)
		BeginReloadAssembly (112ms)
			ExecutionOrderSort (0ms)
			DisableScriptedObjects (4ms)
			BackupInstance (0ms)
			ReleaseScriptingObjects (0ms)
			CreateAndSetChildDomain (31ms)
		EndReloadAssembly (783ms)
			LoadAssemblies (88ms)
			RebuildTransferFunctionScriptingTraits (0ms)
			SetupTypeCache (280ms)
			ReleaseScriptCaches (1ms)
			RebuildScriptCaches (39ms)
			SetupLoadedEditorAssemblies (288ms)
				LogAssemblyErrors (0ms)
				InitializePlatformSupportModulesInManaged (4ms)
				SetLoadedEditorAssemblies (0ms)
				RefreshPlugins (0ms)
				BeforeProcessingInitializeOnLoad (71ms)
				ProcessInitializeOnLoadAttributes (200ms)
				ProcessInitializeOnLoadMethodAttributes (3ms)
				AfterProcessingInitializeOnLoad (8ms)
				EditorAssembliesLoaded (0ms)
			ExecutionOrderSort2 (0ms)
			AwakeInstancesAfterBackupRestoration (6ms)
Platform modules already initialized, skipping
Refreshing native plugins compatible for Editor in 0.30 ms, found 2 plugins.
Preloading 0 native plugins for Editor in 0.00 ms.
Unloading 1542 Unused Serialized files (Serialized files now loaded: 0)
System memory in use before: 89.8 MB.
System memory in use after: 89.9 MB.

Unloading 12 unused Assets to reduce memory usage. Loaded Objects now: 2044.
Total: 2.861400 ms (FindLiveObjects: 0.143000 ms CreateObjectMapping: 0.045900 ms MarkObjects: 2.655800 ms  DeleteObjects: 0.015700 ms)

AssetImportParameters requested are different than current active one (requested -> active):
  custom:framework-win-MediaFoundation: 216162199b28c13a410421893ffa2e32 -> 
  custom:video-decoder-ogg-theora: a1e56fd34408186e4bbccfd4996cb3dc -> 
  custom:container-muxer-webm: aa71ff27fc2769a1b78a27578f13a17b -> 
  custom:container-demuxer-webm: 4f35f7cbe854078d1ac9338744f61a02 -> 
  custom:container-demuxer-ogg: 62fdf1f143b41e24485cea50d1cbac27 -> 
  custom:video-encoder-webm-vp8: eb34c28f22e8b96e1ab97ce403110664 -> 
  custom:video-decoder-webm-vp8: 9c59270c3fd7afecdb556c50c9e8de78 -> 
  custom:audio-decoder-ogg-vorbis: bf7c407c2cedff20999df2af8eb42d56 -> 
  custom:audio-encoder-webm-vorbis: bf7c407c2cedff20999df2af8eb42d56 -> 
========================================================================
Received Import Request.
  Time since last request: 260.177358 seconds.
  path: Assets/Goku Model Animated/Body.controller
  artifactKey: Guid(9c0dcc4700aec6c4c910de13dcccfd4e) Importer(815301076,1909f56bfc062723c751e8b465ee728b)
Start importing Assets/Goku Model Animated/Body.controller using Guid(9c0dcc4700aec6c4c910de13dcccfd4e) Importer(815301076,1909f56bfc062723c751e8b465ee728b)  -> (artifact id: 'c626b6b6200b3b340f5e50015a7590ec') in 0.019832 seconds 
  Import took 0.022272 seconds .

========================================================================
Received Import Request.
  Time since last request: 143.406141 seconds.
  path: Assets/Goku Model Animated/GKN_body.controller
  artifactKey: Guid(d6e2acf62f9087d4db501790650b875a) Importer(815301076,1909f56bfc062723c751e8b465ee728b)
Start importing Assets/Goku Model Animated/GKN_body.controller using Guid(d6e2acf62f9087d4db501790650b875a) Importer(815301076,1909f56bfc062723c751e8b465ee728b)  -> (artifact id: '60164f86550a2141d202b3820b0545e5') in 0.006602 seconds 
  Import took 0.094502 seconds .

AssetImportWorkerClient::OnTransportError - code=2 error=End of file
