Using pre-set license
Built from '2020.3/staging' branch; Version is '2020.3.18f1 (a7d1c678663c) revision 10998214'; Using compiler version '192528614'; Build Type 'Release'
OS: 'Windows 10 Pro; OS build 19043.1237; Version 2009; 64bit' Language: 'nl' Physical Memory: 16330 MB
BatchMode: 1, IsHumanControllingUs: 0, StartBugReporterOnCrash: 0, Is64bit: 1, IsPro: 0

COMMAND LINE ARGUMENTS:
C:\Program Files\Unity\Hub\Editor\2020.3.18f1\Editor\Unity.exe
-adb2
-batchMode
-noUpm
-name
AssetImportWorker0
-projectPath
D:/School/BO/Tower Defense
-logFile
Logs/AssetImportWorker0.log
-srvPort
64555
Successfully changed project path to: D:/School/BO/Tower Defense
D:/School/BO/Tower Defense
Using Asset Import Pipeline V2.
Refreshing native plugins compatible for Editor in 28.79 ms, found 2 plugins.
Preloading 0 native plugins for Editor in 0.00 ms.
Initialize engine version: 2020.3.18f1 (a7d1c678663c)
[Subsystems] Discovering subsystems at path C:/Program Files/Unity/Hub/Editor/2020.3.18f1/Editor/Data/Resources/UnitySubsystems
[Subsystems] Discovering subsystems at path D:/School/BO/Tower Defense/Assets
GfxDevice: creating device client; threaded=0
Direct3D:
    Version:  Direct3D 11.0 [level 11.1]
    Renderer: NVIDIA GeForce GTX 1070 (ID=0x1b81)
    Vendor:   
    VRAM:     8088 MB
    Driver:   30.0.14.7196
Initialize mono
Mono path[0] = 'C:/Program Files/Unity/Hub/Editor/2020.3.18f1/Editor/Data/Managed'
Mono path[1] = 'C:/Program Files/Unity/Hub/Editor/2020.3.18f1/Editor/Data/MonoBleedingEdge/lib/mono/unityjit'
Mono config path = 'C:/Program Files/Unity/Hub/Editor/2020.3.18f1/Editor/Data/MonoBleedingEdge/etc'
Using monoOptions --debugger-agent=transport=dt_socket,embedding=1,server=y,suspend=n,address=127.0.0.1:56768
Begin MonoManager ReloadAssembly
Registering precompiled unity dll's ...
Register platform support module: C:/Program Files/Unity/Hub/Editor/2020.3.18f1/Editor/Data/PlaybackEngines/WindowsStandaloneSupport/UnityEditor.WindowsStandalone.Extensions.dll
Registered in 0.002276 seconds.
Native extension for WindowsStandalone target not found
Refreshing native plugins compatible for Editor in 27.13 ms, found 2 plugins.
Preloading 0 native plugins for Editor in 0.00 ms.
Mono: successfully reloaded assembly
- Completed reload, in  1.010 seconds
Domain Reload Profiling:
	ReloadAssembly (1010ms)
		BeginReloadAssembly (50ms)
			ExecutionOrderSort (0ms)
			DisableScriptedObjects (0ms)
			BackupInstance (0ms)
			ReleaseScriptingObjects (0ms)
			CreateAndSetChildDomain (1ms)
		EndReloadAssembly (378ms)
			LoadAssemblies (48ms)
			RebuildTransferFunctionScriptingTraits (0ms)
			SetupTypeCache (140ms)
			ReleaseScriptCaches (0ms)
			RebuildScriptCaches (30ms)
			SetupLoadedEditorAssemblies (144ms)
				LogAssemblyErrors (0ms)
				InitializePlatformSupportModulesInManaged (4ms)
				SetLoadedEditorAssemblies (0ms)
				RefreshPlugins (27ms)
				BeforeProcessingInitializeOnLoad (15ms)
				ProcessInitializeOnLoadAttributes (72ms)
				ProcessInitializeOnLoadMethodAttributes (26ms)
				AfterProcessingInitializeOnLoad (0ms)
				EditorAssembliesLoaded (0ms)
			ExecutionOrderSort2 (0ms)
			AwakeInstancesAfterBackupRestoration (0ms)
Platform modules already initialized, skipping
Registering precompiled user dll's ...
Registered in 0.005813 seconds.
Begin MonoManager ReloadAssembly
Native extension for WindowsStandalone target not found
Refreshing native plugins compatible for Editor in 0.28 ms, found 2 plugins.
Preloading 0 native plugins for Editor in 0.00 ms.
Mono: successfully reloaded assembly
- Completed reload, in  0.926 seconds
Domain Reload Profiling:
	ReloadAssembly (927ms)
		BeginReloadAssembly (131ms)
			ExecutionOrderSort (0ms)
			DisableScriptedObjects (4ms)
			BackupInstance (0ms)
			ReleaseScriptingObjects (0ms)
			CreateAndSetChildDomain (17ms)
		EndReloadAssembly (740ms)
			LoadAssemblies (82ms)
			RebuildTransferFunctionScriptingTraits (0ms)
			SetupTypeCache (243ms)
			ReleaseScriptCaches (0ms)
			RebuildScriptCaches (44ms)
			SetupLoadedEditorAssemblies (286ms)
				LogAssemblyErrors (0ms)
				InitializePlatformSupportModulesInManaged (4ms)
				SetLoadedEditorAssemblies (0ms)
				RefreshPlugins (0ms)
				BeforeProcessingInitializeOnLoad (74ms)
				ProcessInitializeOnLoadAttributes (196ms)
				ProcessInitializeOnLoadMethodAttributes (4ms)
				AfterProcessingInitializeOnLoad (6ms)
				EditorAssembliesLoaded (0ms)
			ExecutionOrderSort2 (0ms)
			AwakeInstancesAfterBackupRestoration (6ms)
Platform modules already initialized, skipping
========================================================================
Worker process is ready to serve import requests
Launched and connected shader compiler UnityShaderCompiler.exe after 0.07 seconds
Refreshing native plugins compatible for Editor in 0.28 ms, found 2 plugins.
Preloading 0 native plugins for Editor in 0.00 ms.
Unloading 1562 Unused Serialized files (Serialized files now loaded: 0)
System memory in use before: 74.2 MB.
System memory in use after: 74.2 MB.

Unloading 17 unused Assets to reduce memory usage. Loaded Objects now: 1998.
Total: 2.586400 ms (FindLiveObjects: 0.153300 ms CreateObjectMapping: 0.045000 ms MarkObjects: 2.321500 ms  DeleteObjects: 0.065200 ms)

AssetImportParameters requested are different than current active one (requested -> active):
  custom:framework-win-MediaFoundation: 216162199b28c13a410421893ffa2e32 -> 
  custom:video-decoder-ogg-theora: a1e56fd34408186e4bbccfd4996cb3dc -> 
  custom:container-muxer-webm: aa71ff27fc2769a1b78a27578f13a17b -> 
  custom:container-demuxer-webm: 4f35f7cbe854078d1ac9338744f61a02 -> 
  custom:container-demuxer-ogg: 62fdf1f143b41e24485cea50d1cbac27 -> 
  custom:video-encoder-webm-vp8: eb34c28f22e8b96e1ab97ce403110664 -> 
  custom:video-decoder-webm-vp8: 9c59270c3fd7afecdb556c50c9e8de78 -> 
  custom:audio-decoder-ogg-vorbis: bf7c407c2cedff20999df2af8eb42d56 -> 
  custom:audio-encoder-webm-vorbis: bf7c407c2cedff20999df2af8eb42d56 -> 
========================================================================
Received Import Request.
  path: Assets/Goku Model Animated/ee.controller
  artifactKey: Guid(777b05293caac934caaf6fe85a5a3bf8) Importer(815301076,1909f56bfc062723c751e8b465ee728b)
Start importing Assets/Goku Model Animated/ee.controller using Guid(777b05293caac934caaf6fe85a5a3bf8) Importer(815301076,1909f56bfc062723c751e8b465ee728b)  -> (artifact id: '4a3165ad2c2f9d336854ecc946aa65e0') in 0.042077 seconds 
  Import took 0.044452 seconds .

========================================================================
Received Import Request.
  Time since last request: 166.813804 seconds.
  path: Assets/Goku Model Animated/GKN_body.controller
  artifactKey: Guid(fda3270f89f700542b3103c35fd8bd62) Importer(815301076,1909f56bfc062723c751e8b465ee728b)
Start importing Assets/Goku Model Animated/GKN_body.controller using Guid(fda3270f89f700542b3103c35fd8bd62) Importer(815301076,1909f56bfc062723c751e8b465ee728b)  -> (artifact id: 'e11b35a98443c24aba1f6ac305cf33f5') in 0.006832 seconds 
  Import took 0.010250 seconds .

========================================================================
Received Import Request.
  Time since last request: 28.532917 seconds.
  path: Assets
  artifactKey: Guid(00000000000000001000000000000000) Importer(815301076,1909f56bfc062723c751e8b465ee728b)
Start importing Assets using Guid(00000000000000001000000000000000) Importer(815301076,1909f56bfc062723c751e8b465ee728b)  -> (artifact id: '42d402b061de3733987d63b9cc3b64de') in 0.006125 seconds 
  Import took 0.016798 seconds .

========================================================================
Received Import Request.
  Time since last request: 5.579908 seconds.
  path: Assets/Test Map
  artifactKey: Guid(c944d538f7b3dd64f8fd69b7b5ac48e4) Importer(815301076,1909f56bfc062723c751e8b465ee728b)
Start importing Assets/Test Map using Guid(c944d538f7b3dd64f8fd69b7b5ac48e4) Importer(815301076,1909f56bfc062723c751e8b465ee728b)  -> (artifact id: '4eb5e2d9badd4e69b278805ee5fa743f') in 0.006960 seconds 
  Import took 0.022763 seconds .

========================================================================
Received Import Request.
  Time since last request: 4.967094 seconds.
  path: Assets/Test Map/Test Map.fbx
  artifactKey: Guid(bd3734f9eb2fa5e4785e1ea0f68b214b) Importer(815301076,1909f56bfc062723c751e8b465ee728b)
Start importing Assets/Test Map/Test Map.fbx using Guid(bd3734f9eb2fa5e4785e1ea0f68b214b) Importer(815301076,1909f56bfc062723c751e8b465ee728b)  -> (artifact id: 'ac363c463e6ee3e3234c5a955e556b93') in 0.134061 seconds 
  Import took 0.149035 seconds .

========================================================================
Received Import Request.
  Time since last request: 10.980953 seconds.
  path: Assets/Test Map/Material.001.mat
  artifactKey: Guid(7900f85613216004589f1456063ce9fe) Importer(815301076,1909f56bfc062723c751e8b465ee728b)
Start importing Assets/Test Map/Material.001.mat using Guid(7900f85613216004589f1456063ce9fe) Importer(815301076,1909f56bfc062723c751e8b465ee728b)  -> (artifact id: '8f8790950c6756201dd6e879c6a8778e') in 0.017472 seconds 
  Import took 0.020303 seconds .

========================================================================
Received Import Request.
  Time since last request: 0.000244 seconds.
  path: Assets/Test Map/Test Map.fbx
  artifactKey: Guid(bd3734f9eb2fa5e4785e1ea0f68b214b) Importer(815301076,1909f56bfc062723c751e8b465ee728b)
Start importing Assets/Test Map/Test Map.fbx using Guid(bd3734f9eb2fa5e4785e1ea0f68b214b) Importer(815301076,1909f56bfc062723c751e8b465ee728b)  -> (artifact id: '33272017dce405d92b719503e85290a2') in 0.021991 seconds 
  Import took 0.024797 seconds .

========================================================================
Received Import Request.
  Time since last request: 8.413409 seconds.
  path: Assets/Test Map/House.tga
  artifactKey: Guid(9b156adac32aa2943a1d0bd3f0bed6cb) Importer(815301076,1909f56bfc062723c751e8b465ee728b)
Start importing Assets/Test Map/House.tga using Guid(9b156adac32aa2943a1d0bd3f0bed6cb) Importer(815301076,1909f56bfc062723c751e8b465ee728b)  -> (artifact id: 'dbde9207f4c2a36082278112fbec692d') in 0.020240 seconds 
  Import took 0.033245 seconds .

========================================================================
Received Import Request.
  Time since last request: 146.753494 seconds.
  path: Assets/Test Map/Test Map.fbx
  artifactKey: Guid(bd3734f9eb2fa5e4785e1ea0f68b214b) Importer(815301076,1909f56bfc062723c751e8b465ee728b)
Start importing Assets/Test Map/Test Map.fbx using Guid(bd3734f9eb2fa5e4785e1ea0f68b214b) Importer(815301076,1909f56bfc062723c751e8b465ee728b)  -> (artifact id: '570be2f72d488553297be5dca438f988') in 0.045100 seconds 
  Import took 0.069130 seconds .

========================================================================
Received Import Request.
  Time since last request: 78.570873 seconds.
  path: Assets/Test Map/Cum.fbx
  artifactKey: Guid(12dfd17d32b056948a031d7a1fe4cab4) Importer(815301076,1909f56bfc062723c751e8b465ee728b)
Start importing Assets/Test Map/Cum.fbx using Guid(12dfd17d32b056948a031d7a1fe4cab4) Importer(815301076,1909f56bfc062723c751e8b465ee728b)  -> (artifact id: 'ed8e1bcc1fdad6bba216f5aead88a263') in 0.040710 seconds 
  Import took 0.068624 seconds .

========================================================================
Received Import Request.
  Time since last request: 713.474240 seconds.
  path: Assets/Test Map/Cum.fbx
  artifactKey: Guid(12dfd17d32b056948a031d7a1fe4cab4) Importer(815301076,1909f56bfc062723c751e8b465ee728b)
Start importing Assets/Test Map/Cum.fbx using Guid(12dfd17d32b056948a031d7a1fe4cab4) Importer(815301076,1909f56bfc062723c751e8b465ee728b)  -> (artifact id: 'c03775a00f2cd79e9c4416eead0ad5e2') in 0.028204 seconds 
  Import took 0.031064 seconds .

========================================================================
Received Import Request.
  Time since last request: 51.955396 seconds.
  path: Assets/Test Map/Material.001.mat
  artifactKey: Guid(7900f85613216004589f1456063ce9fe) Importer(815301076,1909f56bfc062723c751e8b465ee728b)
Start importing Assets/Test Map/Material.001.mat using Guid(7900f85613216004589f1456063ce9fe) Importer(815301076,1909f56bfc062723c751e8b465ee728b)  -> (artifact id: '3426fdfe999eaec7f17cecc37ea0edfc') in 0.009505 seconds 
  Import took 0.011943 seconds .

AssetImportWorkerClient::OnTransportError - code=2 error=End of file
